{"level":"info","message":"Server running at http://localhost:3000","service":"miles-salon","timestamp":"2025-05-15 23:45:51"}
{"level":"info","message":"Server running at http://localhost:3000","service":"miles-salon","timestamp":"2025-05-16 00:21:29"}
{"level":"info","message":"Server running at http://localhost:3000","service":"miles-salon","timestamp":"2025-05-16 01:59:46"}
{"level":"info","message":"Request URL: /booking.html","service":"miles-salon","timestamp":"2025-05-16 02:37:03"}
{"level":"info","message":"Request URL: /css/styles.css","service":"miles-salon","timestamp":"2025-05-16 02:37:03"}
{"level":"info","message":"Request URL: /images/logo2_footer.png","service":"miles-salon","timestamp":"2025-05-16 02:37:03"}
{"level":"info","message":"Request URL: /images/logo.png","service":"miles-salon","timestamp":"2025-05-16 02:37:03"}
{"level":"info","message":"Request URL: /js/script.js","service":"miles-salon","timestamp":"2025-05-16 02:37:03"}
{"level":"info","message":"Request URL: /css/images/h1_hero1.jpg","service":"miles-salon","timestamp":"2025-05-16 02:37:03"}
{"level":"info","message":"Request URL: /favicon.ico","service":"miles-salon","timestamp":"2025-05-16 02:37:04"}
{"level":"info","message":"Request URL: /api/bookings","service":"miles-salon","timestamp":"2025-05-16 02:37:39"}
{"level":"info","message":"Request URL: /api/bookings","service":"miles-salon","timestamp":"2025-05-16 02:39:01"}
{"level":"info","message":"Request URL: /booking.html","service":"miles-salon","timestamp":"2025-05-16 02:40:27"}
{"level":"info","message":"Request URL: /css/styles.css","service":"miles-salon","timestamp":"2025-05-16 02:40:27"}
{"level":"info","message":"Request URL: /images/logo.png","service":"miles-salon","timestamp":"2025-05-16 02:40:27"}
{"level":"info","message":"Request URL: /images/logo2_footer.png","service":"miles-salon","timestamp":"2025-05-16 02:40:27"}
{"level":"info","message":"Request URL: /js/script.js","service":"miles-salon","timestamp":"2025-05-16 02:40:27"}
{"level":"info","message":"Request URL: /api/bookings","service":"miles-salon","timestamp":"2025-05-16 02:40:59"}
{"code":"ER_BAD_FIELD_ERROR","errno":1054,"level":"error","message":"Unknown column 'stylist' in 'field list'","service":"miles-salon","sql":"INSERT INTO bookings (name, email, phone, service_id, booking_date, booking_time, stylist) VALUES (?, ?, ?, ?, ?, ?, ?)","sqlMessage":"Unknown column 'stylist' in 'field list'","sqlState":"42S22","stack":"Error: Unknown column 'stylist' in 'field list'\n    at PromisePool.execute (C:\\Users\\HP\\Documents\\MilesSaloon\\node_modules\\mysql2\\lib\\promise\\pool.js:54:22)\n    at Object.query (C:\\Users\\HP\\Documents\\MilesSaloon\\utils\\database.js:28:46)\n    at C:\\Users\\HP\\Documents\\MilesSaloon\\server.js:139:39\n    at Layer.handle [as handle_request] (C:\\Users\\HP\\Documents\\MilesSaloon\\node_modules\\express\\lib\\router\\layer.js:95:5)\n    at next (C:\\Users\\HP\\Documents\\MilesSaloon\\node_modules\\express\\lib\\router\\route.js:149:13)\n    at Route.dispatch (C:\\Users\\HP\\Documents\\MilesSaloon\\node_modules\\express\\lib\\router\\route.js:119:3)\n    at Layer.handle [as handle_request] (C:\\Users\\HP\\Documents\\MilesSaloon\\node_modules\\express\\lib\\router\\layer.js:95:5)\n    at C:\\Users\\HP\\Documents\\MilesSaloon\\node_modules\\express\\lib\\router\\index.js:284:15\n    at Function.process_params (C:\\Users\\HP\\Documents\\MilesSaloon\\node_modules\\express\\lib\\router\\index.js:346:12)\n    at next (C:\\Users\\HP\\Documents\\MilesSaloon\\node_modules\\express\\lib\\router\\index.js:280:10)","timestamp":"2025-05-16 02:41:00"}
{"code":"ER_BAD_FIELD_ERROR","errno":1054,"level":"error","message":"Unknown column 'stylist' in 'field list'","service":"miles-salon","sql":"INSERT INTO bookings (name, email, phone, service_id, booking_date, booking_time, stylist) VALUES (?, ?, ?, ?, ?, ?, ?)","sqlMessage":"Unknown column 'stylist' in 'field list'","sqlState":"42S22","stack":"Error: Unknown column 'stylist' in 'field list'\n    at PromisePool.execute (C:\\Users\\HP\\Documents\\MilesSaloon\\node_modules\\mysql2\\lib\\promise\\pool.js:54:22)\n    at Object.query (C:\\Users\\HP\\Documents\\MilesSaloon\\utils\\database.js:28:46)\n    at C:\\Users\\HP\\Documents\\MilesSaloon\\server.js:139:39\n    at Layer.handle [as handle_request] (C:\\Users\\HP\\Documents\\MilesSaloon\\node_modules\\express\\lib\\router\\layer.js:95:5)\n    at next (C:\\Users\\HP\\Documents\\MilesSaloon\\node_modules\\express\\lib\\router\\route.js:149:13)\n    at Route.dispatch (C:\\Users\\HP\\Documents\\MilesSaloon\\node_modules\\express\\lib\\router\\route.js:119:3)\n    at Layer.handle [as handle_request] (C:\\Users\\HP\\Documents\\MilesSaloon\\node_modules\\express\\lib\\router\\layer.js:95:5)\n    at C:\\Users\\HP\\Documents\\MilesSaloon\\node_modules\\express\\lib\\router\\index.js:284:15\n    at Function.process_params (C:\\Users\\HP\\Documents\\MilesSaloon\\node_modules\\express\\lib\\router\\index.js:346:12)\n    at next (C:\\Users\\HP\\Documents\\MilesSaloon\\node_modules\\express\\lib\\router\\index.js:280:10)","timestamp":"2025-05-16 02:41:00"}
{"level":"info","message":"Server running at http://localhost:3000","service":"miles-salon","timestamp":"2025-05-16 02:42:41"}
{"level":"info","message":"Server running at http://localhost:3000","service":"miles-salon","timestamp":"2025-05-16 03:13:11"}
{"level":"info","message":"Request URL: /booking.html","service":"miles-salon","timestamp":"2025-05-16 03:20:41"}
{"level":"info","message":"Request URL: /css/styles.css","service":"miles-salon","timestamp":"2025-05-16 03:20:42"}
{"level":"info","message":"Request URL: /images/logo.png","service":"miles-salon","timestamp":"2025-05-16 03:20:42"}
{"level":"info","message":"Request URL: /images/logo2_footer.png","service":"miles-salon","timestamp":"2025-05-16 03:20:42"}
{"level":"info","message":"Request URL: /js/script.js","service":"miles-salon","timestamp":"2025-05-16 03:20:42"}
{"level":"info","message":"Request URL: /css/images/h1_hero1.jpg","service":"miles-salon","timestamp":"2025-05-16 03:20:42"}
{"level":"info","message":"Server running at http://localhost:3000","service":"miles-salon","timestamp":"2025-05-16 03:38:57"}
{"level":"info","message":"Request URL: /booking.html","service":"miles-salon","timestamp":"2025-05-16 03:45:04"}
{"level":"info","message":"Request URL: /css/styles.css","service":"miles-salon","timestamp":"2025-05-16 03:45:04"}
{"level":"info","message":"Request URL: /images/logo.png","service":"miles-salon","timestamp":"2025-05-16 03:45:04"}
{"level":"info","message":"Request URL: /images/logo2_footer.png","service":"miles-salon","timestamp":"2025-05-16 03:45:04"}
{"level":"info","message":"Request URL: /js/script.js","service":"miles-salon","timestamp":"2025-05-16 03:45:04"}
{"level":"info","message":"Request URL: /css/images/h1_hero1.jpg","service":"miles-salon","timestamp":"2025-05-16 03:45:04"}
{"level":"info","message":"Request URL: /api/bookings","service":"miles-salon","timestamp":"2025-05-16 03:45:48"}
{"code":"ER_NO_SUCH_TABLE","errno":1146,"level":"error","message":"Table 'miles_salon.bookings' doesn't exist","service":"miles-salon","sql":"INSERT INTO bookings (name, email, phone, service_id, stylist_id, booking_date, booking_time, notes) VALUES (?, ?, ?, ?, ?, ?, ?, ?)","sqlMessage":"Table 'miles_salon.bookings' doesn't exist","sqlState":"42S02","stack":"Error: Table 'miles_salon.bookings' doesn't exist\n    at PromisePool.execute (C:\\Users\\HP\\Documents\\MilesSaloon\\node_modules\\mysql2\\lib\\promise\\pool.js:54:22)\n    at Object.query (C:\\Users\\HP\\Documents\\MilesSaloon\\utils\\database.js:28:46)\n    at C:\\Users\\HP\\Documents\\MilesSaloon\\server.js:142:39\n    at Layer.handle [as handle_request] (C:\\Users\\HP\\Documents\\MilesSaloon\\node_modules\\express\\lib\\router\\layer.js:95:5)\n    at next (C:\\Users\\HP\\Documents\\MilesSaloon\\node_modules\\express\\lib\\router\\route.js:149:13)\n    at Route.dispatch (C:\\Users\\HP\\Documents\\MilesSaloon\\node_modules\\express\\lib\\router\\route.js:119:3)\n    at Layer.handle [as handle_request] (C:\\Users\\HP\\Documents\\MilesSaloon\\node_modules\\express\\lib\\router\\layer.js:95:5)\n    at C:\\Users\\HP\\Documents\\MilesSaloon\\node_modules\\express\\lib\\router\\index.js:284:15\n    at Function.process_params (C:\\Users\\HP\\Documents\\MilesSaloon\\node_modules\\express\\lib\\router\\index.js:346:12)\n    at next (C:\\Users\\HP\\Documents\\MilesSaloon\\node_modules\\express\\lib\\router\\index.js:280:10)","timestamp":"2025-05-16 03:45:48"}
{"level":"info","message":"Request URL: /api/bookings","service":"miles-salon","timestamp":"2025-05-16 03:48:04"}
{"code":"ER_NO_SUCH_TABLE","errno":1146,"level":"error","message":"Table 'miles_salon.bookings' doesn't exist","service":"miles-salon","sql":"INSERT INTO bookings (name, email, phone, service_id, stylist_id, booking_date, booking_time, notes) VALUES (?, ?, ?, ?, ?, ?, ?, ?)","sqlMessage":"Table 'miles_salon.bookings' doesn't exist","sqlState":"42S02","stack":"Error: Table 'miles_salon.bookings' doesn't exist\n    at PromisePool.execute (C:\\Users\\HP\\Documents\\MilesSaloon\\node_modules\\mysql2\\lib\\promise\\pool.js:54:22)\n    at Object.query (C:\\Users\\HP\\Documents\\MilesSaloon\\utils\\database.js:28:46)\n    at C:\\Users\\HP\\Documents\\MilesSaloon\\server.js:142:39\n    at Layer.handle [as handle_request] (C:\\Users\\HP\\Documents\\MilesSaloon\\node_modules\\express\\lib\\router\\layer.js:95:5)\n    at next (C:\\Users\\HP\\Documents\\MilesSaloon\\node_modules\\express\\lib\\router\\route.js:149:13)\n    at Route.dispatch (C:\\Users\\HP\\Documents\\MilesSaloon\\node_modules\\express\\lib\\router\\route.js:119:3)\n    at Layer.handle [as handle_request] (C:\\Users\\HP\\Documents\\MilesSaloon\\node_modules\\express\\lib\\router\\layer.js:95:5)\n    at C:\\Users\\HP\\Documents\\MilesSaloon\\node_modules\\express\\lib\\router\\index.js:284:15\n    at Function.process_params (C:\\Users\\HP\\Documents\\MilesSaloon\\node_modules\\express\\lib\\router\\index.js:346:12)\n    at next (C:\\Users\\HP\\Documents\\MilesSaloon\\node_modules\\express\\lib\\router\\index.js:280:10)","timestamp":"2025-05-16 03:48:04"}
{"level":"info","message":"Request URL: /css/styles.css","service":"miles-salon","timestamp":"2025-05-16 03:50:21"}
{"level":"info","message":"Request URL: /.well-known/appspecific/com.chrome.devtools.json","service":"miles-salon","timestamp":"2025-05-16 03:50:21"}
{"level":"info","message":"Request URL: /booking.html","service":"miles-salon","timestamp":"2025-05-16 03:52:26"}
{"level":"info","message":"Request URL: /css/styles.css","service":"miles-salon","timestamp":"2025-05-16 03:52:26"}
{"level":"info","message":"Request URL: /images/logo.png","service":"miles-salon","timestamp":"2025-05-16 03:52:26"}
{"level":"info","message":"Request URL: /images/logo2_footer.png","service":"miles-salon","timestamp":"2025-05-16 03:52:26"}
{"level":"info","message":"Request URL: /js/script.js","service":"miles-salon","timestamp":"2025-05-16 03:52:26"}
{"level":"info","message":"Request URL: /.well-known/appspecific/com.chrome.devtools.json","service":"miles-salon","timestamp":"2025-05-16 03:52:26"}
{"level":"info","message":"Request URL: /api/bookings","service":"miles-salon","timestamp":"2025-05-16 03:53:20"}
{"code":"ER_NO_SUCH_TABLE","errno":1146,"level":"error","message":"Table 'miles_salon.bookings' doesn't exist","service":"miles-salon","sql":"INSERT INTO bookings (name, email, phone, service_id, stylist_id, booking_date, booking_time, notes) VALUES (?, ?, ?, ?, ?, ?, ?, ?)","sqlMessage":"Table 'miles_salon.bookings' doesn't exist","sqlState":"42S02","stack":"Error: Table 'miles_salon.bookings' doesn't exist\n    at PromisePool.execute (C:\\Users\\HP\\Documents\\MilesSaloon\\node_modules\\mysql2\\lib\\promise\\pool.js:54:22)\n    at Object.query (C:\\Users\\HP\\Documents\\MilesSaloon\\utils\\database.js:28:46)\n    at C:\\Users\\HP\\Documents\\MilesSaloon\\server.js:142:39\n    at Layer.handle [as handle_request] (C:\\Users\\HP\\Documents\\MilesSaloon\\node_modules\\express\\lib\\router\\layer.js:95:5)\n    at next (C:\\Users\\HP\\Documents\\MilesSaloon\\node_modules\\express\\lib\\router\\route.js:149:13)\n    at Route.dispatch (C:\\Users\\HP\\Documents\\MilesSaloon\\node_modules\\express\\lib\\router\\route.js:119:3)\n    at Layer.handle [as handle_request] (C:\\Users\\HP\\Documents\\MilesSaloon\\node_modules\\express\\lib\\router\\layer.js:95:5)\n    at C:\\Users\\HP\\Documents\\MilesSaloon\\node_modules\\express\\lib\\router\\index.js:284:15\n    at Function.process_params (C:\\Users\\HP\\Documents\\MilesSaloon\\node_modules\\express\\lib\\router\\index.js:346:12)\n    at next (C:\\Users\\HP\\Documents\\MilesSaloon\\node_modules\\express\\lib\\router\\index.js:280:10)","timestamp":"2025-05-16 03:53:20"}
{"level":"info","message":"Server running at http://localhost:3000","service":"miles-salon","timestamp":"2025-05-16 03:57:11"}
{"level":"info","message":"Request URL: /booking.html","service":"miles-salon","timestamp":"2025-05-16 04:00:16"}
{"level":"info","message":"Request URL: /css/styles.css","service":"miles-salon","timestamp":"2025-05-16 04:00:16"}
{"level":"info","message":"Request URL: /images/logo.png","service":"miles-salon","timestamp":"2025-05-16 04:00:16"}
{"level":"info","message":"Request URL: /images/logo2_footer.png","service":"miles-salon","timestamp":"2025-05-16 04:00:16"}
{"level":"info","message":"Request URL: /.well-known/appspecific/com.chrome.devtools.json","service":"miles-salon","timestamp":"2025-05-16 04:00:16"}
{"level":"info","message":"Request URL: /js/script.js","service":"miles-salon","timestamp":"2025-05-16 04:00:16"}
{"level":"info","message":"Request URL: /css/images/h1_hero1.jpg","service":"miles-salon","timestamp":"2025-05-16 04:00:16"}
{"level":"info","message":"Request URL: /api/bookings","service":"miles-salon","timestamp":"2025-05-16 04:01:05"}
{"level":"info","message":"Request URL: /api/admin/bookings","service":"miles-salon","timestamp":"2025-05-16 04:07:13"}
{"level":"info","message":"Request URL: /admin/login.html","service":"miles-salon","timestamp":"2025-05-16 04:07:13"}
{"level":"info","message":"Request URL: /api/debug/session","service":"miles-salon","timestamp":"2025-05-16 04:09:04"}
{"level":"info","message":"Request URL: /api/admin/bookings","service":"miles-salon","timestamp":"2025-05-16 04:10:21"}
{"level":"info","message":"Request URL: /admin/login.html","service":"miles-salon","timestamp":"2025-05-16 04:10:21"}
{"level":"info","message":"Request URL: /admin/login.html","service":"miles-salon","timestamp":"2025-05-16 04:11:22"}
{"level":"info","message":"Request URL: /images/logo.png","service":"miles-salon","timestamp":"2025-05-16 04:11:22"}
{"level":"info","message":"Request URL: /admin/login.html?username=admin&password=admin123","service":"miles-salon","timestamp":"2025-05-16 04:11:34"}
{"level":"info","message":"Request URL: /images/logo.png","service":"miles-salon","timestamp":"2025-05-16 04:11:34"}
{"level":"info","message":"Request URL: /admin/login.html?username=admin&password=admin123","service":"miles-salon","timestamp":"2025-05-16 04:11:42"}
{"level":"info","message":"Request URL: /images/logo.png","service":"miles-salon","timestamp":"2025-05-16 04:11:42"}
{"level":"info","message":"Request URL: /admin/","service":"miles-salon","timestamp":"2025-05-16 12:57:48"}
{"level":"info","message":"Request URL: /api/admin/bookings","service":"miles-salon","timestamp":"2025-05-16 12:57:59"}
{"level":"info","message":"Request URL: /api/admin/bookings","service":"miles-salon","timestamp":"2025-05-16 12:58:54"}
{"level":"info","message":"Request URL: /api/debug/session","service":"miles-salon","timestamp":"2025-05-16 12:59:33"}
{"level":"info","message":"Request URL: /admin/login.html","service":"miles-salon","timestamp":"2025-05-16 13:03:09"}
{"level":"info","message":"Request URL: /images/logo.png","service":"miles-salon","timestamp":"2025-05-16 13:03:09"}
{"level":"info","message":"Request URL: /admin/login","service":"miles-salon","timestamp":"2025-05-16 13:03:23"}
{"level":"info","message":"Request URL: /admin/index.html","service":"miles-salon","timestamp":"2025-05-16 13:03:23"}
{"level":"info","message":"Request URL: /api/admin/bookings","service":"miles-salon","timestamp":"2025-05-16 13:03:23"}
{"level":"info","message":"Request URL: /api/admin/bookings","service":"miles-salon","timestamp":"2025-05-16 13:03:31"}
{"level":"info","message":"Request URL: /bookings","service":"miles-salon","timestamp":"2025-05-16 13:43:26"}
{"level":"info","message":"Request URL: /bookings","service":"miles-salon","timestamp":"2025-05-16 13:43:26"}
{"level":"info","message":"Request URL: /bookings","service":"miles-salon","timestamp":"2025-05-16 13:56:23"}
{"level":"info","message":"Request URL: /bookings","service":"miles-salon","timestamp":"2025-05-16 13:56:23"}
{"level":"info","message":"Request URL: /bookings","service":"miles-salon","timestamp":"2025-05-16 14:00:11"}
{"level":"info","message":"Request URL: /bookings","service":"miles-salon","timestamp":"2025-05-16 14:00:11"}
{"level":"info","message":"Request URL: /bookings","service":"miles-salon","timestamp":"2025-05-17 00:08:08"}
{"level":"info","message":"Request URL: /bookings","service":"miles-salon","timestamp":"2025-05-17 00:08:08"}
{"level":"info","message":"Request URL: /bookings","service":"miles-salon","timestamp":"2025-05-17 02:38:26"}
{"level":"info","message":"Request URL: /bookings","service":"miles-salon","timestamp":"2025-05-17 02:38:26"}
{"level":"info","message":"Request URL: /bookings","service":"miles-salon","timestamp":"2025-05-17 02:38:39"}
{"level":"info","message":"Request URL: /bookings","service":"miles-salon","timestamp":"2025-05-17 02:38:39"}
